-------------------------------------------------------------------------------
Test set: JBehaveTest.Steps
-------------------------------------------------------------------------------
Tests run: 9, Failures: 1, Errors: 0, Skipped: 0, Time elapsed: 2.744 s <<< FAILURE! - in JBehaveTest.Steps
Then 2 is max of three numbers(JBehaveTest.Steps)  Time elapsed: 0.012 s  <<< FAILURE!
java.lang.AssertionError
	at JBehaveTest.Steps.printMax(Steps.java:33)

